<?xml version="1.0" encoding="UTF-8"?>
<!-- Generated by org.testng.reporters.JUnitReportReporter -->
<testsuite hostname="Synka-PC" name="auto.ria.com.test.TestForAutoRia" tests="2" failures="0" timestamp="30 Jun 2015 18:57:14 GMT" time="17.117" errors="0">
  <testcase name="TestStep2" time="7.645" classname="auto.ria.com.test.TestForAutoRia"/>
  <testcase name="TestStep1" time="9.472" classname="auto.ria.com.test.TestForAutoRia"/>
</testsuite> <!-- auto.ria.com.test.TestForAutoRia -->
