<?xml version="1.0" encoding="UTF-8"?>
<!-- Generated by org.testng.reporters.JUnitReportReporter -->
<testsuite hostname="Synka-PC" name="auto.ria.com.test.TestForAutoRia" tests="2" failures="0" timestamp="1 Jul 2015 12:55:18 GMT" time="20.921" errors="0">
  <testcase name="TestStep2" time="9.128" classname="auto.ria.com.test.TestForAutoRia"/>
  <testcase name="TestStep1" time="11.793" classname="auto.ria.com.test.TestForAutoRia"/>
</testsuite> <!-- auto.ria.com.test.TestForAutoRia -->
