<?xml version="1.0" encoding="UTF-8"?>
<!-- Generated by org.testng.reporters.JUnitReportReporter -->
<testsuite hostname="oleg-PC" name="ria.com.tests.GalenMainTest" tests="1" failures="0" timestamp="25 Jul 2015 08:05:04 GMT" time="17.973" errors="0">
  <testcase name="MaintPageGalenTest" time="17.973" classname="ria.com.tests.GalenMainTest"/>
</testsuite> <!-- ria.com.tests.GalenMainTest -->
